0 verbose cli F:\node.exe F:\node_modules\npm\bin\npm-cli.js
1 info using npm@8.15.0
2 info using node@v18.7.0
3 timing npm:load:whichnode Completed in 0ms
4 timing config:load:defaults Completed in 1ms
5 timing config:load:file:F:\node_modules\npm\npmrc Completed in 1ms
6 timing config:load:builtin Completed in 1ms
7 timing config:load:cli Completed in 1ms
8 timing config:load:env Completed in 0ms
9 timing config:load:file:C:\Users\初期\Desktop\project\.npmrc Completed in 0ms
10 timing config:load:project Completed in 2ms
11 timing config:load:file:C:\Users\初期\.npmrc Completed in 0ms
12 timing config:load:user Completed in 0ms
13 timing config:load:file:C:\Users\初期\AppData\Roaming\npm\etc\npmrc Completed in 0ms
14 timing config:load:global Completed in 0ms
15 timing config:load:validate Completed in 0ms
16 timing config:load:credentials Completed in 1ms
17 timing config:load:setEnvs Completed in 0ms
18 timing config:load Completed in 6ms
19 timing npm:load:configload Completed in 6ms
20 timing npm:load:mkdirpcache Completed in 0ms
21 timing npm:load:mkdirplogs Completed in 0ms
22 verbose title npm run build
23 verbose argv "run" "build"
24 timing npm:load:setTitle Completed in 0ms
25 timing config:load:flatten Completed in 2ms
26 timing npm:load:display Completed in 2ms
27 verbose logfile logs-max:10 dir:C:\Users\初期\AppData\Local\npm-cache\_logs
28 verbose logfile C:\Users\初期\AppData\Local\npm-cache\_logs\2026-05-30T11_52_03_798Z-debug-0.log
29 timing npm:load:logFile Completed in 3ms
30 timing npm:load:timers Completed in 0ms
31 timing npm:load:configScope Completed in 0ms
32 timing npm:load Completed in 12ms
33 silly logfile done cleaning log files
34 timing command:run Completed in 1ms
35 verbose stack Error: ENOENT: no such file or directory, open 'C:\Users\初期\Desktop\project\package.json'
36 verbose cwd C:\Users\初期\Desktop\project
37 verbose Windows_NT 10.0.19045
38 verbose node v18.7.0
39 verbose npm  v8.15.0
40 error code ENOENT
41 error syscall open
42 error path C:\Users\初期\Desktop\project/package.json
43 error errno -4058
44 error enoent ENOENT: no such file or directory, open 'C:\Users\初期\Desktop\project\package.json'
45 error enoent This is related to npm not being able to find a file.
45 error enoent
46 verbose exit -4058
47 timing npm Completed in 66ms
48 verbose code -4058
49 error A complete log of this run can be found in:
49 error     C:\Users\初期\AppData\Local\npm-cache\_logs\2026-05-30T11_52_03_798Z-debug-0.log
